
> @seame/web@0.0.0 build C:\Users\user01\Desktop\Ben\Sea_Level_Dash_Open-Meteo\seame (2)\packages\web
> vite build

[36mvite v6.4.1 [32mbuilding for production...[36m[39m
transforming...
[32m✓[39m 2702 modules transformed.
rendering chunks...
computing gzip size...
[2mdist/[22m[32mmanifest.webmanifest                        [39m[1m[2m  0.57 kB[22m[1m[22m
[2mdist/[22m[32mindex.html                                  [39m[1m[2m  1.78 kB[22m[1m[22m[2m │ gzip:   0.75 kB[22m
[2mdist/[22m[36massets/workbox-window.prod.es5-BIl4cyR9.js  [39m[1m[2m  5.82 kB[22m[1m[22m[2m │ gzip:   2.41 kB[22m[2m │ map:    13.69 kB[22m
[2mdist/[22m[36massets/index-DClp1zlZ.js                    [39m[1m[33m935.77 kB[39m[22m[2m │ gzip: 272.21 kB[22m[2m │ map: 4,199.84 kB[22m
[33m
(!) Some chunks are larger than 500 kB after minification. Consider:
- Using dynamic import() to code-split the application
- Use build.rollupOptions.output.manualChunks to improve chunking: https://rollupjs.org/configuration-options/#output-manualchunks
- Adjust chunk size limit for this warning via build.chunkSizeWarningLimit.[39m
[32m✓ built in 14.01s[39m

PWA v1.2.0
mode      generateSW
precache  4 entries (921.26 KiB)
files generated
  dist/sw.js.map
  dist/sw.js
  dist/workbox-7d58179f.js.map
  dist/workbox-7d58179f.js
